<?xml version="1.0" encoding="UTF-8"?>
<testng-results ignored="0" total="2" passed="2" failed="0" skipped="0">
  <reporter-output>
  </reporter-output>
  <suite started-at="2026-09-22T09:11:05 IST" name="Default suite" finished-at="2026-09-22T09:11:30 IST" duration-ms="25029">
    <groups>
    </groups>
    <test started-at="2026-09-22T09:11:05 IST" name="Default test" finished-at="2026-09-22T09:11:30 IST" duration-ms="25029">
      <class name="tests.LoginTest">
        <test-method is-config="true" signature="setup()[pri:0, instance:tests.LoginTest@5149d738]" started-at="2026-09-22T09:11:05 IST" name="setup" finished-at="2026-09-22T09:11:27 IST" duration-ms="21609" status="PASS">
          <reporter-output>
          </reporter-output>
        </test-method> <!-- setup -->
        <test-method signature="validateLogin()[pri:1, instance:tests.LoginTest@5149d738]" started-at="2026-09-22T09:11:27 IST" name="validateLogin" finished-at="2026-09-22T09:11:29 IST" duration-ms="1756" status="PASS">
          <reporter-output>
          </reporter-output>
        </test-method> <!-- validateLogin -->
        <test-method signature="validateLogout()[pri:2, instance:tests.LoginTest@5149d738]" started-at="2026-09-22T09:11:29 IST" name="validateLogout" finished-at="2026-09-22T09:11:29 IST" duration-ms="769" status="PASS">
          <reporter-output>
          </reporter-output>
        </test-method> <!-- validateLogout -->
        <test-method is-config="true" signature="teardown()[pri:0, instance:tests.LoginTest@5149d738]" started-at="2026-09-22T09:11:29 IST" name="teardown" finished-at="2026-09-22T09:11:30 IST" duration-ms="778" status="PASS">
          <reporter-output>
          </reporter-output>
        </test-method> <!-- teardown -->
      </class> <!-- tests.LoginTest -->
    </test> <!-- Default test -->
  </suite> <!-- Default suite -->
</testng-results>
